  [1m[35m (5.7ms)[0m  [1m[35mCREATE DATABASE "backend_development" ENCODING = 'unicode'[0m
Started POST "/annotations" for 127.0.0.1 at 2022-10-07 23:23:28 -0600
Started GET "/genelibrary" for 127.0.0.1 at 2022-10-07 23:23:28 -0600
Started GET "/me" for 127.0.0.1 at 2022-10-07 23:23:28 -0600
Started POST "/annotations" for 127.0.0.1 at 2022-10-07 23:23:28 -0600
Started POST "/annotations" for 127.0.0.1 at 2022-10-07 23:23:28 -0600
  [1m[36mActiveRecord::SchemaMigration Pluck (5.3ms)[0m  [1m[34mSELECT "schema_migrations"."version" FROM "schema_migrations" ORDER BY "schema_migrations"."version" ASC[0m
Processing by UsersController#show as */*
Processing by AnnotationsController#show_gene_annotations as */*
  Parameters: {"symbol"=>"", "annotation"=>{}}
Processing by AnnotationsController#show_gene_annotations as */*
  Parameters: {"symbol"=>"", "annotation"=>{}}
Processing by AnnotationsController#show_gene_annotations as */*
  Parameters: {"symbol"=>"BRCA2", "annotation"=>{}}
Completed 404 Not Found in 245ms (ActiveRecord: 23.5ms | Allocations: 20880)


  
ActiveRecord::RecordNotFound (Couldn't find User without an ID):
  
app/controllers/annotations_controller.rb:11:in `show_gene_annotations'
Started POST "/annotations" for 127.0.0.1 at 2022-10-07 23:23:30 -0600
Processing by LibrariesController#show as */*
  Parameters: {"library"=>{}}
Processing by AnnotationsController#show_gene_annotations as */*
  Parameters: {"symbol"=>"BRCA2", "annotation"=>{}}
Completed 404 Not Found in 1ms (ActiveRecord: 0.0ms | Allocations: 185)


  
ActiveRecord::RecordNotFound (Couldn't find User without an ID):
  
app/controllers/annotations_controller.rb:11:in `show_gene_annotations'
Completed 404 Not Found in 468ms (ActiveRecord: 23.3ms | Allocations: 56602)


  
ActiveRecord::RecordNotFound (Couldn't find User without an ID):
  
app/controllers/annotations_controller.rb:11:in `show_gene_annotations'
Completed 404 Not Found in 471ms (ActiveRecord: 24.0ms | Allocations: 56897)


  
ActiveRecord::RecordNotFound (Couldn't find User without an ID):
  
app/controllers/annotations_controller.rb:11:in `show_gene_annotations'
  [1m[36mUser Load (2.9ms)[0m  [1m[34mSELECT "users".* FROM "users" WHERE "users"."id" IS NULL LIMIT $1[0m  [["LIMIT", 1]]
  ↳ app/controllers/libraries_controller.rb:3:in `show'
  [1m[36mUser Load (4.1ms)[0m  [1m[34mSELECT "users".* FROM "users" WHERE "users"."id" IS NULL LIMIT $1[0m  [["LIMIT", 1]]
Completed 200 OK in 275ms (Views: 0.4ms | ActiveRecord: 103.8ms | Allocations: 49102)


  ↳ app/controllers/users_controller.rb:6:in `show'
Completed 401 Unauthorized in 724ms (Views: 0.3ms | ActiveRecord: 145.2ms | Allocations: 95880)


Started GET "/genelibrary" for 127.0.0.1 at 2022-10-07 23:23:30 -0600
Started GET "/me" for 127.0.0.1 at 2022-10-07 23:23:30 -0600
Processing by LibrariesController#show as */*
  [1m[36mUser Load (0.6ms)[0m  [1m[34mSELECT "users".* FROM "users" WHERE "users"."id" IS NULL LIMIT $1[0m  [["LIMIT", 1]]
  ↳ app/controllers/libraries_controller.rb:3:in `show'
Completed 200 OK in 7ms (Views: 0.4ms | ActiveRecord: 0.6ms | Allocations: 732)


Processing by UsersController#show as */*
  [1m[36mUser Load (0.5ms)[0m  [1m[34mSELECT "users".* FROM "users" WHERE "users"."id" IS NULL LIMIT $1[0m  [["LIMIT", 1]]
  ↳ app/controllers/users_controller.rb:6:in `show'
Completed 401 Unauthorized in 6ms (Views: 0.3ms | ActiveRecord: 0.5ms | Allocations: 751)


Started GET "/genelibrary" for 127.0.0.1 at 2022-10-07 23:23:31 -0600
Processing by LibrariesController#show as */*
  Parameters: {"library"=>{}}
  [1m[36mUser Load (0.6ms)[0m  [1m[34mSELECT "users".* FROM "users" WHERE "users"."id" IS NULL LIMIT $1[0m  [["LIMIT", 1]]
  ↳ app/controllers/libraries_controller.rb:3:in `show'
Completed 200 OK in 6ms (Views: 0.3ms | ActiveRecord: 0.6ms | Allocations: 719)


Started GET "/genelibrary" for 127.0.0.1 at 2022-10-07 23:23:31 -0600
Processing by LibrariesController#show as */*
  [1m[36mUser Load (1.5ms)[0m  [1m[34mSELECT "users".* FROM "users" WHERE "users"."id" IS NULL LIMIT $1[0m  [["LIMIT", 1]]
  ↳ app/controllers/libraries_controller.rb:3:in `show'
Completed 200 OK in 10ms (Views: 0.3ms | ActiveRecord: 1.5ms | Allocations: 714)


Started GET "/genelibrary" for 127.0.0.1 at 2022-10-07 23:23:31 -0600
Processing by LibrariesController#show as */*
  Parameters: {"library"=>{}}
  [1m[36mUser Load (0.6ms)[0m  [1m[34mSELECT "users".* FROM "users" WHERE "users"."id" IS NULL LIMIT $1[0m  [["LIMIT", 1]]
  ↳ app/controllers/libraries_controller.rb:3:in `show'
Completed 200 OK in 6ms (Views: 0.3ms | ActiveRecord: 0.6ms | Allocations: 714)


Started GET "/genelibrary" for 127.0.0.1 at 2022-10-07 23:23:32 -0600
Processing by LibrariesController#show as */*
  Parameters: {"library"=>{}}
  [1m[36mUser Load (0.9ms)[0m  [1m[34mSELECT "users".* FROM "users" WHERE "users"."id" IS NULL LIMIT $1[0m  [["LIMIT", 1]]
  ↳ app/controllers/libraries_controller.rb:3:in `show'
Completed 200 OK in 7ms (Views: 0.3ms | ActiveRecord: 0.9ms | Allocations: 714)


Started GET "/me" for 127.0.0.1 at 2022-10-07 23:23:46 -0600
Started GET "/genelibrary" for 127.0.0.1 at 2022-10-07 23:23:46 -0600
Processing by LibrariesController#show as */*
  Parameters: {"library"=>{}}
  [1m[36mUser Load (0.3ms)[0m  [1m[34mSELECT "users".* FROM "users" WHERE "users"."id" IS NULL LIMIT $1[0m  [["LIMIT", 1]]
  ↳ app/controllers/libraries_controller.rb:3:in `show'
Completed 200 OK in 4ms (Views: 0.3ms | ActiveRecord: 0.3ms | Allocations: 730)


Processing by UsersController#show as */*
Started POST "/annotations" for 127.0.0.1 at 2022-10-07 23:23:46 -0600
  [1m[36mUser Load (0.3ms)[0m  [1m[34mSELECT "users".* FROM "users" WHERE "users"."id" IS NULL LIMIT $1[0m  [["LIMIT", 1]]
  ↳ app/controllers/users_controller.rb:6:in `show'
Completed 401 Unauthorized in 4ms (Views: 0.2ms | ActiveRecord: 0.3ms | Allocations: 720)


Processing by AnnotationsController#show_gene_annotations as */*
  Parameters: {"symbol"=>"", "annotation"=>{}}
Completed 404 Not Found in 0ms (ActiveRecord: 0.0ms | Allocations: 185)


  
ActiveRecord::RecordNotFound (Couldn't find User without an ID):
  
app/controllers/annotations_controller.rb:11:in `show_gene_annotations'
Started POST "/annotations" for 127.0.0.1 at 2022-10-07 23:23:46 -0600
Started GET "/genelibrary" for 127.0.0.1 at 2022-10-07 23:23:46 -0600
Started GET "/me" for 127.0.0.1 at 2022-10-07 23:23:46 -0600
Processing by LibrariesController#show as */*
  [1m[36mUser Load (0.4ms)[0m  [1m[34mSELECT "users".* FROM "users" WHERE "users"."id" IS NULL LIMIT $1[0m  [["LIMIT", 1]]
  ↳ app/controllers/libraries_controller.rb:3:in `show'
Completed 200 OK in 5ms (Views: 0.2ms | ActiveRecord: 0.4ms | Allocations: 727)


Processing by AnnotationsController#show_gene_annotations as */*
  Parameters: {"symbol"=>"", "annotation"=>{}}
Completed 404 Not Found in 1ms (ActiveRecord: 0.0ms | Allocations: 185)


  
ActiveRecord::RecordNotFound (Couldn't find User without an ID):
  
app/controllers/annotations_controller.rb:11:in `show_gene_annotations'
Processing by UsersController#show as */*
  [1m[36mUser Load (0.3ms)[0m  [1m[34mSELECT "users".* FROM "users" WHERE "users"."id" IS NULL LIMIT $1[0m  [["LIMIT", 1]]
  ↳ app/controllers/users_controller.rb:6:in `show'
Completed 401 Unauthorized in 4ms (Views: 0.3ms | ActiveRecord: 0.3ms | Allocations: 748)


Started GET "/genelibrary" for 127.0.0.1 at 2022-10-07 23:23:46 -0600
Processing by LibrariesController#show as */*
  Parameters: {"library"=>{}}
  [1m[36mUser Load (0.4ms)[0m  [1m[34mSELECT "users".* FROM "users" WHERE "users"."id" IS NULL LIMIT $1[0m  [["LIMIT", 1]]
  ↳ app/controllers/libraries_controller.rb:3:in `show'
Completed 200 OK in 3ms (Views: 0.2ms | ActiveRecord: 0.4ms | Allocations: 714)


Started GET "/genelibrary" for 127.0.0.1 at 2022-10-07 23:23:46 -0600
Processing by LibrariesController#show as */*
  [1m[36mUser Load (0.2ms)[0m  [1m[34mSELECT "users".* FROM "users" WHERE "users"."id" IS NULL LIMIT $1[0m  [["LIMIT", 1]]
  ↳ app/controllers/libraries_controller.rb:3:in `show'
Completed 200 OK in 3ms (Views: 0.2ms | ActiveRecord: 0.2ms | Allocations: 714)


Started GET "/main.c08d668ce982785b5917.hot-update.json" for 127.0.0.1 at 2022-10-07 23:24:10 -0600
  
ActionController::RoutingError (No route matches [GET] "/main.c08d668ce982785b5917.hot-update.json"):
  
Started POST "/annotations" for 127.0.0.1 at 2022-10-07 23:24:10 -0600
Started GET "/me" for 127.0.0.1 at 2022-10-07 23:24:10 -0600
Started GET "/genelibrary" for 127.0.0.1 at 2022-10-07 23:24:10 -0600
Processing by AnnotationsController#show_gene_annotations as */*
  Parameters: {"symbol"=>"", "annotation"=>{}}
Completed 404 Not Found in 1ms (ActiveRecord: 0.0ms | Allocations: 185)


  
ActiveRecord::RecordNotFound (Couldn't find User without an ID):
  
app/controllers/annotations_controller.rb:11:in `show_gene_annotations'
Processing by UsersController#show as */*
  [1m[36mUser Load (0.5ms)[0m  [1m[34mSELECT "users".* FROM "users" WHERE "users"."id" IS NULL LIMIT $1[0m  [["LIMIT", 1]]
  ↳ app/controllers/users_controller.rb:6:in `show'
Completed 401 Unauthorized in 6ms (Views: 0.3ms | ActiveRecord: 0.5ms | Allocations: 744)


Processing by LibrariesController#show as */*
  Parameters: {"library"=>{}}
  [1m[36mUser Load (0.3ms)[0m  [1m[34mSELECT "users".* FROM "users" WHERE "users"."id" IS NULL LIMIT $1[0m  [["LIMIT", 1]]
  ↳ app/controllers/libraries_controller.rb:3:in `show'
Completed 200 OK in 5ms (Views: 0.3ms | ActiveRecord: 0.3ms | Allocations: 714)


Started POST "/annotations" for 127.0.0.1 at 2022-10-07 23:24:11 -0600
Started GET "/me" for 127.0.0.1 at 2022-10-07 23:24:11 -0600
Started GET "/genelibrary" for 127.0.0.1 at 2022-10-07 23:24:11 -0600
Processing by AnnotationsController#show_gene_annotations as */*
  Parameters: {"symbol"=>"", "annotation"=>{}}
Completed 404 Not Found in 1ms (ActiveRecord: 0.0ms | Allocations: 185)


  
ActiveRecord::RecordNotFound (Couldn't find User without an ID):
  
app/controllers/annotations_controller.rb:11:in `show_gene_annotations'
Processing by UsersController#show as */*
  [1m[36mUser Load (0.4ms)[0m  [1m[34mSELECT "users".* FROM "users" WHERE "users"."id" IS NULL LIMIT $1[0m  [["LIMIT", 1]]
  ↳ app/controllers/users_controller.rb:6:in `show'
Completed 401 Unauthorized in 5ms (Views: 0.3ms | ActiveRecord: 0.4ms | Allocations: 723)


Processing by LibrariesController#show as */*
  [1m[36mUser Load (0.3ms)[0m  [1m[34mSELECT "users".* FROM "users" WHERE "users"."id" IS NULL LIMIT $1[0m  [["LIMIT", 1]]
  ↳ app/controllers/libraries_controller.rb:3:in `show'
Completed 200 OK in 5ms (Views: 0.3ms | ActiveRecord: 0.3ms | Allocations: 714)


Started GET "/genelibrary" for 127.0.0.1 at 2022-10-07 23:24:11 -0600
Processing by LibrariesController#show as */*
  Parameters: {"library"=>{}}
  [1m[36mUser Load (0.4ms)[0m  [1m[34mSELECT "users".* FROM "users" WHERE "users"."id" IS NULL LIMIT $1[0m  [["LIMIT", 1]]
  ↳ app/controllers/libraries_controller.rb:3:in `show'
Completed 200 OK in 6ms (Views: 0.2ms | ActiveRecord: 0.4ms | Allocations: 714)


Started GET "/genelibrary" for 127.0.0.1 at 2022-10-07 23:24:11 -0600
Processing by LibrariesController#show as */*
  [1m[36mUser Load (0.4ms)[0m  [1m[34mSELECT "users".* FROM "users" WHERE "users"."id" IS NULL LIMIT $1[0m  [["LIMIT", 1]]
  ↳ app/controllers/libraries_controller.rb:3:in `show'
Completed 200 OK in 5ms (Views: 0.2ms | ActiveRecord: 0.4ms | Allocations: 714)


Started GET "/genelibrary" for 127.0.0.1 at 2022-10-07 23:24:12 -0600
Started POST "/annotations" for 127.0.0.1 at 2022-10-07 23:24:12 -0600
Processing by LibrariesController#show as */*
  Parameters: {"library"=>{}}
  [1m[36mUser Load (0.3ms)[0m  [1m[34mSELECT "users".* FROM "users" WHERE "users"."id" IS NULL LIMIT $1[0m  [["LIMIT", 1]]
  ↳ app/controllers/libraries_controller.rb:3:in `show'
Completed 200 OK in 5ms (Views: 0.2ms | ActiveRecord: 0.3ms | Allocations: 722)


Processing by AnnotationsController#show_gene_annotations as */*
  Parameters: {"symbol"=>"BRCA2", "annotation"=>{}}
Completed 404 Not Found in 1ms (ActiveRecord: 0.0ms | Allocations: 185)


  
ActiveRecord::RecordNotFound (Couldn't find User without an ID):
  
app/controllers/annotations_controller.rb:11:in `show_gene_annotations'
Started GET "/genelibrary" for 127.0.0.1 at 2022-10-07 23:24:44 -0600
Started GET "/me" for 127.0.0.1 at 2022-10-07 23:24:44 -0600
Processing by LibrariesController#show as */*
  Parameters: {"library"=>{}}
  [1m[36mUser Load (0.4ms)[0m  [1m[34mSELECT "users".* FROM "users" WHERE "users"."id" IS NULL LIMIT $1[0m  [["LIMIT", 1]]
  ↳ app/controllers/libraries_controller.rb:3:in `show'
Completed 200 OK in 5ms (Views: 0.3ms | ActiveRecord: 0.4ms | Allocations: 727)


Processing by UsersController#show as */*
  [1m[36mUser Load (0.3ms)[0m  [1m[34mSELECT "users".* FROM "users" WHERE "users"."id" IS NULL LIMIT $1[0m  [["LIMIT", 1]]
  ↳ app/controllers/users_controller.rb:6:in `show'
Completed 401 Unauthorized in 5ms (Views: 0.3ms | ActiveRecord: 0.3ms | Allocations: 714)


Started POST "/annotations" for 127.0.0.1 at 2022-10-07 23:24:44 -0600
Started POST "/annotations" for 127.0.0.1 at 2022-10-07 23:24:44 -0600
Started GET "/genelibrary" for 127.0.0.1 at 2022-10-07 23:24:44 -0600
Started GET "/me" for 127.0.0.1 at 2022-10-07 23:24:44 -0600
Processing by AnnotationsController#show_gene_annotations as */*
  Parameters: {"symbol"=>"", "annotation"=>{}}
Completed 404 Not Found in 1ms (ActiveRecord: 0.0ms | Allocations: 185)


  
ActiveRecord::RecordNotFound (Couldn't find User without an ID):
  
app/controllers/annotations_controller.rb:11:in `show_gene_annotations'
Processing by AnnotationsController#show_gene_annotations as */*
  Parameters: {"symbol"=>"", "annotation"=>{}}
Completed 404 Not Found in 1ms (ActiveRecord: 0.0ms | Allocations: 187)


  
ActiveRecord::RecordNotFound (Couldn't find User without an ID):
  
app/controllers/annotations_controller.rb:11:in `show_gene_annotations'
Processing by LibrariesController#show as */*
  [1m[36mUser Load (0.4ms)[0m  [1m[34mSELECT "users".* FROM "users" WHERE "users"."id" IS NULL LIMIT $1[0m  [["LIMIT", 1]]
  ↳ app/controllers/libraries_controller.rb:3:in `show'
Completed 200 OK in 8ms (Views: 0.4ms | ActiveRecord: 0.4ms | Allocations: 943)


Processing by UsersController#show as */*
  [1m[36mUser Load (0.5ms)[0m  [1m[34mSELECT "users".* FROM "users" WHERE "users"."id" IS NULL LIMIT $1[0m  [["LIMIT", 1]]
  ↳ app/controllers/users_controller.rb:6:in `show'
Completed 401 Unauthorized in 6ms (Views: 0.2ms | ActiveRecord: 0.5ms | Allocations: 714)


Started GET "/genelibrary" for 127.0.0.1 at 2022-10-07 23:24:45 -0600
Processing by LibrariesController#show as */*
  Parameters: {"library"=>{}}
  [1m[36mUser Load (0.3ms)[0m  [1m[34mSELECT "users".* FROM "users" WHERE "users"."id" IS NULL LIMIT $1[0m  [["LIMIT", 1]]
  ↳ app/controllers/libraries_controller.rb:3:in `show'
Completed 200 OK in 5ms (Views: 0.2ms | ActiveRecord: 0.3ms | Allocations: 714)


Started GET "/genelibrary" for 127.0.0.1 at 2022-10-07 23:24:45 -0600
Processing by LibrariesController#show as */*
  [1m[36mUser Load (0.2ms)[0m  [1m[34mSELECT "users".* FROM "users" WHERE "users"."id" IS NULL LIMIT $1[0m  [["LIMIT", 1]]
  ↳ app/controllers/libraries_controller.rb:3:in `show'
Completed 200 OK in 4ms (Views: 0.2ms | ActiveRecord: 0.2ms | Allocations: 714)


Started GET "/me" for 127.0.0.1 at 2022-10-07 23:24:56 -0600
Started GET "/genelibrary" for 127.0.0.1 at 2022-10-07 23:24:56 -0600
Started POST "/annotations" for 127.0.0.1 at 2022-10-07 23:24:56 -0600
Processing by UsersController#show as */*
  [1m[36mUser Load (0.5ms)[0m  [1m[34mSELECT "users".* FROM "users" WHERE "users"."id" IS NULL LIMIT $1[0m  [["LIMIT", 1]]
  ↳ app/controllers/users_controller.rb:6:in `show'
Completed 401 Unauthorized in 6ms (Views: 0.3ms | ActiveRecord: 0.5ms | Allocations: 731)


Processing by LibrariesController#show as */*
  Parameters: {"library"=>{}}
  [1m[36mUser Load (0.5ms)[0m  [1m[34mSELECT "users".* FROM "users" WHERE "users"."id" IS NULL LIMIT $1[0m  [["LIMIT", 1]]
  ↳ app/controllers/libraries_controller.rb:3:in `show'
Completed 200 OK in 5ms (Views: 0.2ms | ActiveRecord: 0.5ms | Allocations: 746)


Processing by AnnotationsController#show_gene_annotations as */*
  Parameters: {"symbol"=>"", "annotation"=>{}}
Completed 404 Not Found in 1ms (ActiveRecord: 0.0ms | Allocations: 185)


  
ActiveRecord::RecordNotFound (Couldn't find User without an ID):
  
app/controllers/annotations_controller.rb:11:in `show_gene_annotations'
Started POST "/annotations" for 127.0.0.1 at 2022-10-07 23:24:56 -0600
Started GET "/me" for 127.0.0.1 at 2022-10-07 23:24:56 -0600
Started GET "/genelibrary" for 127.0.0.1 at 2022-10-07 23:24:56 -0600
Processing by AnnotationsController#show_gene_annotations as */*
  Parameters: {"symbol"=>"", "annotation"=>{}}
Completed 404 Not Found in 0ms (ActiveRecord: 0.0ms | Allocations: 185)


  
ActiveRecord::RecordNotFound (Couldn't find User without an ID):
  
app/controllers/annotations_controller.rb:11:in `show_gene_annotations'
Processing by UsersController#show as */*
  [1m[36mUser Load (0.9ms)[0m  [1m[34mSELECT "users".* FROM "users" WHERE "users"."id" IS NULL LIMIT $1[0m  [["LIMIT", 1]]
  ↳ app/controllers/users_controller.rb:6:in `show'
Completed 401 Unauthorized in 6ms (Views: 0.7ms | ActiveRecord: 0.9ms | Allocations: 727)


Processing by LibrariesController#show as */*
  [1m[36mUser Load (0.8ms)[0m  [1m[34mSELECT "users".* FROM "users" WHERE "users"."id" IS NULL LIMIT $1[0m  [["LIMIT", 1]]
  ↳ app/controllers/libraries_controller.rb:3:in `show'
Completed 200 OK in 6ms (Views: 0.3ms | ActiveRecord: 0.8ms | Allocations: 714)


Started GET "/genelibrary" for 127.0.0.1 at 2022-10-07 23:24:56 -0600
Processing by LibrariesController#show as */*
  Parameters: {"library"=>{}}
  [1m[36mUser Load (0.4ms)[0m  [1m[34mSELECT "users".* FROM "users" WHERE "users"."id" IS NULL LIMIT $1[0m  [["LIMIT", 1]]
  ↳ app/controllers/libraries_controller.rb:3:in `show'
Completed 200 OK in 4ms (Views: 0.2ms | ActiveRecord: 0.4ms | Allocations: 714)


Started GET "/genelibrary" for 127.0.0.1 at 2022-10-07 23:24:56 -0600
Processing by LibrariesController#show as */*
  [1m[36mUser Load (0.2ms)[0m  [1m[34mSELECT "users".* FROM "users" WHERE "users"."id" IS NULL LIMIT $1[0m  [["LIMIT", 1]]
  ↳ app/controllers/libraries_controller.rb:3:in `show'
Completed 200 OK in 4ms (Views: 0.3ms | ActiveRecord: 0.2ms | Allocations: 714)


Started GET "/genelibrary" for 127.0.0.1 at 2022-10-07 23:24:58 -0600
Processing by LibrariesController#show as */*
  Parameters: {"library"=>{}}
  [1m[36mUser Load (0.8ms)[0m  [1m[34mSELECT "users".* FROM "users" WHERE "users"."id" IS NULL LIMIT $1[0m  [["LIMIT", 1]]
  ↳ app/controllers/libraries_controller.rb:3:in `show'
Completed 200 OK in 5ms (Views: 0.2ms | ActiveRecord: 0.8ms | Allocations: 714)


Started POST "/annotations" for 127.0.0.1 at 2022-10-07 23:24:58 -0600
Processing by AnnotationsController#show_gene_annotations as */*
  Parameters: {"symbol"=>"BRCA2", "annotation"=>{}}
Completed 404 Not Found in 1ms (ActiveRecord: 0.0ms | Allocations: 185)


  
ActiveRecord::RecordNotFound (Couldn't find User without an ID):
  
app/controllers/annotations_controller.rb:11:in `show_gene_annotations'
Started POST "/annotations" for 127.0.0.1 at 2022-10-07 23:26:11 -0600
Started GET "/genelibrary" for 127.0.0.1 at 2022-10-07 23:26:11 -0600
Started GET "/me" for 127.0.0.1 at 2022-10-07 23:26:11 -0600
Processing by AnnotationsController#show_gene_annotations as */*
  Parameters: {"symbol"=>"", "annotation"=>{}}
Completed 404 Not Found in 1ms (ActiveRecord: 0.0ms | Allocations: 185)


  
ActiveRecord::RecordNotFound (Couldn't find User without an ID):
  
app/controllers/annotations_controller.rb:11:in `show_gene_annotations'
Processing by LibrariesController#show as */*
  Parameters: {"library"=>{}}
  [1m[36mUser Load (0.4ms)[0m  [1m[34mSELECT "users".* FROM "users" WHERE "users"."id" IS NULL LIMIT $1[0m  [["LIMIT", 1]]
  ↳ app/controllers/libraries_controller.rb:3:in `show'
Completed 200 OK in 5ms (Views: 0.2ms | ActiveRecord: 0.4ms | Allocations: 746)


Processing by UsersController#show as */*
  [1m[36mUser Load (0.3ms)[0m  [1m[34mSELECT "users".* FROM "users" WHERE "users"."id" IS NULL LIMIT $1[0m  [["LIMIT", 1]]
  ↳ app/controllers/users_controller.rb:6:in `show'
Completed 401 Unauthorized in 4ms (Views: 0.3ms | ActiveRecord: 0.3ms | Allocations: 714)


Started POST "/annotations" for 127.0.0.1 at 2022-10-07 23:26:12 -0600
Started GET "/genelibrary" for 127.0.0.1 at 2022-10-07 23:26:12 -0600
Started GET "/me" for 127.0.0.1 at 2022-10-07 23:26:12 -0600
Processing by AnnotationsController#show_gene_annotations as */*
  Parameters: {"symbol"=>"", "annotation"=>{}}
Completed 404 Not Found in 1ms (ActiveRecord: 0.0ms | Allocations: 185)


  
ActiveRecord::RecordNotFound (Couldn't find User without an ID):
  
app/controllers/annotations_controller.rb:11:in `show_gene_annotations'
Processing by UsersController#show as */*
  [1m[36mUser Load (0.3ms)[0m  [1m[34mSELECT "users".* FROM "users" WHERE "users"."id" IS NULL LIMIT $1[0m  [["LIMIT", 1]]
  ↳ app/controllers/users_controller.rb:6:in `show'
Completed 401 Unauthorized in 4ms (Views: 0.2ms | ActiveRecord: 0.3ms | Allocations: 727)


Processing by LibrariesController#show as */*
  [1m[36mUser Load (0.7ms)[0m  [1m[34mSELECT "users".* FROM "users" WHERE "users"."id" IS NULL LIMIT $1[0m  [["LIMIT", 1]]
  ↳ app/controllers/libraries_controller.rb:3:in `show'
Completed 200 OK in 7ms (Views: 0.2ms | ActiveRecord: 0.7ms | Allocations: 714)


Started GET "/genelibrary" for 127.0.0.1 at 2022-10-07 23:26:12 -0600
Processing by LibrariesController#show as */*
  Parameters: {"library"=>{}}
  [1m[36mUser Load (0.3ms)[0m  [1m[34mSELECT "users".* FROM "users" WHERE "users"."id" IS NULL LIMIT $1[0m  [["LIMIT", 1]]
  ↳ app/controllers/libraries_controller.rb:3:in `show'
Completed 200 OK in 4ms (Views: 0.2ms | ActiveRecord: 0.3ms | Allocations: 714)


Started GET "/genelibrary" for 127.0.0.1 at 2022-10-07 23:26:12 -0600
Processing by LibrariesController#show as */*
  [1m[36mUser Load (0.6ms)[0m  [1m[34mSELECT "users".* FROM "users" WHERE "users"."id" IS NULL LIMIT $1[0m  [["LIMIT", 1]]
  ↳ app/controllers/libraries_controller.rb:3:in `show'
Completed 200 OK in 5ms (Views: 0.2ms | ActiveRecord: 0.6ms | Allocations: 714)


